[debug] [2025-10-16T21:23:47.646Z] ----------------------------------------------------------------------
[debug] [2025-10-16T21:23:47.650Z] Command:       /nix/store/ws50yvm6vzlzf7jzz6n7xh4szddrack1-nodejs-20.19.1/bin/node /nix/store/i78h9v2gl6qg2w9646hi06syn3hbv4kj-firebase-tools-14.19.1/lib/node_modules/firebase-tools/lib/bin/firebase.js deploy
[debug] [2025-10-16T21:23:47.651Z] CLI Version:   14.19.1
[debug] [2025-10-16T21:23:47.651Z] Platform:      linux
[debug] [2025-10-16T21:23:47.651Z] Node Version:  v20.19.1
[debug] [2025-10-16T21:23:47.651Z] Time:          Thu Oct 16 2025 21:23:47 GMT+0000 (Coordinated Universal Time)
[debug] [2025-10-16T21:23:47.651Z] ----------------------------------------------------------------------
[debug] 
[debug] [2025-10-16T21:23:48.167Z] No OAuth tokens found
[debug] [2025-10-16T21:23:48.168Z] No OAuth tokens found
[error] Failed to fetch Firebase Project from current Studio Workspace: Unable to refresh auth: not yet authenticated.
[debug] [2025-10-16T21:23:48.173Z] > command requires scopes: ["email","openid","https://www.googleapis.com/auth/cloudplatformprojects.readonly","https://www.googleapis.com/auth/firebase","https://www.googleapis.com/auth/cloud-platform","https://www.googleapis.com/auth/userinfo.email"]
[debug] [2025-10-16T21:24:28.707Z] ----------------------------------------------------------------------
[debug] [2025-10-16T21:24:28.711Z] Command:       /nix/store/ws50yvm6vzlzf7jzz6n7xh4szddrack1-nodejs-20.19.1/bin/node /nix/store/i78h9v2gl6qg2w9646hi06syn3hbv4kj-firebase-tools-14.19.1/lib/node_modules/firebase-tools/lib/bin/firebase.js deploy
[debug] [2025-10-16T21:24:28.712Z] CLI Version:   14.19.1
[debug] [2025-10-16T21:24:28.712Z] Platform:      linux
[debug] [2025-10-16T21:24:28.712Z] Node Version:  v20.19.1
[debug] [2025-10-16T21:24:28.713Z] Time:          Thu Oct 16 2025 21:24:28 GMT+0000 (Coordinated Universal Time)
[debug] [2025-10-16T21:24:28.713Z] ----------------------------------------------------------------------
[debug] 
[debug] [2025-10-16T21:24:29.225Z] No OAuth tokens found
[debug] [2025-10-16T21:24:29.226Z] No OAuth tokens found
[error] Failed to fetch Firebase Project from current Studio Workspace: Unable to refresh auth: not yet authenticated.
[debug] [2025-10-16T21:24:29.231Z] > command requires scopes: ["email","openid","https://www.googleapis.com/auth/cloudplatformprojects.readonly","https://www.googleapis.com/auth/firebase","https://www.googleapis.com/auth/cloud-platform","https://www.googleapis.com/auth/userinfo.email"]
[debug] [2025-10-16T21:25:03.010Z] ----------------------------------------------------------------------
[debug] [2025-10-16T21:25:03.013Z] Command:       /nix/store/ws50yvm6vzlzf7jzz6n7xh4szddrack1-nodejs-20.19.1/bin/node /nix/store/i78h9v2gl6qg2w9646hi06syn3hbv4kj-firebase-tools-14.19.1/lib/node_modules/firebase-tools/lib/bin/firebase.js deploy
[debug] [2025-10-16T21:25:03.014Z] CLI Version:   14.19.1
[debug] [2025-10-16T21:25:03.014Z] Platform:      linux
[debug] [2025-10-16T21:25:03.014Z] Node Version:  v20.19.1
[debug] [2025-10-16T21:25:03.014Z] Time:          Thu Oct 16 2025 21:25:03 GMT+0000 (Coordinated Universal Time)
[debug] [2025-10-16T21:25:03.014Z] ----------------------------------------------------------------------
[debug] 
[debug] [2025-10-16T21:25:03.550Z] No OAuth tokens found
[debug] [2025-10-16T21:25:03.550Z] No OAuth tokens found
[error] Failed to fetch Firebase Project from current Studio Workspace: Unable to refresh auth: not yet authenticated.
[debug] [2025-10-16T21:25:03.557Z] > command requires scopes: ["email","openid","https://www.googleapis.com/auth/cloudplatformprojects.readonly","https://www.googleapis.com/auth/firebase","https://www.googleapis.com/auth/cloud-platform","https://www.googleapis.com/auth/userinfo.email"]
[debug] [2025-10-16T21:25:19.780Z] ----------------------------------------------------------------------
[debug] [2025-10-16T21:25:19.783Z] Command:       /nix/store/ws50yvm6vzlzf7jzz6n7xh4szddrack1-nodejs-20.19.1/bin/node /nix/store/i78h9v2gl6qg2w9646hi06syn3hbv4kj-firebase-tools-14.19.1/lib/node_modules/firebase-tools/lib/bin/firebase.js deploy
[debug] [2025-10-16T21:25:19.784Z] CLI Version:   14.19.1
[debug] [2025-10-16T21:25:19.784Z] Platform:      linux
[debug] [2025-10-16T21:25:19.784Z] Node Version:  v20.19.1
[debug] [2025-10-16T21:25:19.784Z] Time:          Thu Oct 16 2025 21:25:19 GMT+0000 (Coordinated Universal Time)
[debug] [2025-10-16T21:25:19.784Z] ----------------------------------------------------------------------
[debug] 
[debug] [2025-10-16T21:25:20.284Z] No OAuth tokens found
[debug] [2025-10-16T21:25:20.284Z] No OAuth tokens found
[error] Failed to fetch Firebase Project from current Studio Workspace: Unable to refresh auth: not yet authenticated.
[debug] [2025-10-16T21:25:20.290Z] > command requires scopes: ["email","openid","https://www.googleapis.com/auth/cloudplatformprojects.readonly","https://www.googleapis.com/auth/firebase","https://www.googleapis.com/auth/cloud-platform","https://www.googleapis.com/auth/userinfo.email"]
